<?xml version="1.0" encoding="UTF-8"?>
<!-- Generated by org.testng.reporters.JUnitReportReporter -->
<testsuite skipped="0" hostname="DESKTOP-920BDJ8" name="com.script.MavenActitime.TestActitime" tests="1" failures="0" timestamp="29 May 2020 17:10:22 GMT" time="28.623" errors="0">
  <testcase name="login" time="28.623" classname="com.script.MavenActitime.TestActitime"/>
</testsuite> <!-- com.script.MavenActitime.TestActitime -->
